<?xml version="1.0" encoding="UTF-8"?>
<testsuite xmlns:xsi="http://www.w3.org/2001/XMLSchema-instance" xsi:noNamespaceSchemaLocation="https://maven.apache.org/surefire/maven-surefire-plugin/xsd/surefire-test-report.xsd" version="3.0.2" name="com.ehu.javacafe.SpringRepositoryWiringTest" time="1.284" tests="1" errors="0" skipped="0" failures="0">
  <properties>
[...]
</properties>
  <testcase name="primaryBeverageRepositoryIsJsonRepository" classname="com.ehu.javacafe.SpringRepositoryWiringTest" time="1.279">
    <system-out><![CDATA[2026-04-13 16:48:18.386 [main] INFO  o.s.d.r.c.RepositoryConfigurationDelegate - Bootstrapping Spring Data JDBC repositories in DEFAULT mode.
2026-04-13 16:48:18.441 [main] INFO  o.s.d.r.c.RepositoryConfigurationDelegate - Finished Spring Data repository scanning in 52 ms. Found 1 JDBC repository interface.
2026-04-13 16:48:18.691 [main] INFO  c.e.j.c.DatabaseConfiguration - Configuring H2 embedded database
2026-04-13 16:48:18.707 [main] INFO  o.s.j.d.e.EmbeddedDatabaseFactory - Starting embedded database: url='jdbc:h2:mem:testdb;DB_CLOSE_DELAY=-1;DB_CLOSE_ON_EXIT=false', username='sa'
2026-04-13 16:48:18.973 [main] INFO  c.e.j.c.DatabaseConfiguration - H2 database configured successfully
2026-04-13 16:48:19.267 [main] INFO  c.e.j.r.impl.DBBeverageRepository - DBBeverageRepository initialized with Spring Data JDBC
2026-04-13 16:48:19.272 [main] INFO  c.e.j.r.impl.JSONBeverageRepository - Successfully loaded 4 beverages from JSON file
2026-04-13 16:48:19.293 [main] INFO  c.e.j.c.DatabaseConfiguration - Creating JdbcTemplate bean
2026-04-13 16:48:19.331 [main] INFO  o.s.j.d.e.EmbeddedDatabaseFactory - Shutting down embedded database: url='jdbc:h2:mem:testdb;DB_CLOSE_DELAY=-1;DB_CLOSE_ON_EXIT=false'
]]></system-out>
  </testcase>
</testsuite>